<?xml version="1.0" encoding="UTF-8"?>
<!-- Generated by org.testng.reporters.JUnitReportReporter -->
<testsuite hostname="LAPTOP-KU3EG2P8" failures="0" tests="21" name="org.sweatshop.format_server.resources.FormatServerResourcesTest" time="0.089" errors="0" timestamp="2020-06-17T17:56:45 EDT" skipped="0">
  <testcase classname="org.sweatshop.format_server.resources.FormatServerResourcesTest" name="sayHelloTest" time="0.002"/>
  <testcase classname="org.sweatshop.format_server.resources.FormatServerResourcesTest" name="sayHelloTest" time="0.001"/>
  <testcase classname="org.sweatshop.format_server.resources.FormatServerResourcesTest" name="sayHelloTest" time="0.001"/>
  <testcase classname="org.sweatshop.format_server.resources.FormatServerResourcesTest" name="sayHelloTest" time="0.000"/>
  <testcase classname="org.sweatshop.format_server.resources.FormatServerResourcesTest" name="sayHello2Test" time="0.003"/>
  <testcase classname="org.sweatshop.format_server.resources.FormatServerResourcesTest" name="sayHello3Test" time="0.002"/>
  <testcase classname="org.sweatshop.format_server.resources.FormatServerResourcesTest" name="readFileTest" time="0.002"/>
  <testcase classname="org.sweatshop.format_server.resources.FormatServerResourcesTest" name="sayHello2Test" time="0.004"/>
  <testcase classname="org.sweatshop.format_server.resources.FormatServerResourcesTest" name="readFileTest" time="0.002"/>
  <testcase classname="org.sweatshop.format_server.resources.FormatServerResourcesTest" name="sayHello3Test" time="0.002"/>
  <testcase classname="org.sweatshop.format_server.resources.FormatServerResourcesTest" name="readFileTest" time="0.006"/>
  <testcase classname="org.sweatshop.format_server.resources.FormatServerResourcesTest" name="getTemplateTest" time="0.001"/>
  <testcase classname="org.sweatshop.format_server.resources.FormatServerResourcesTest" name="readFileTest" time="0.003"/>
  <testcase classname="org.sweatshop.format_server.resources.FormatServerResourcesTest" name="sayHello2Test" time="0.002"/>
  <testcase classname="org.sweatshop.format_server.resources.FormatServerResourcesTest" name="readFileTest" time="0.001"/>
  <testcase classname="org.sweatshop.format_server.resources.FormatServerResourcesTest" name="sayHello3Test" time="0.002"/>
  <testcase classname="org.sweatshop.format_server.resources.FormatServerResourcesTest" name="filesTest" time="0.040"/>
  <testcase classname="org.sweatshop.format_server.resources.FormatServerResourcesTest" name="getDefaultNameTest" time="0.002"/>
  <testcase classname="org.sweatshop.format_server.resources.FormatServerResourcesTest" name="sayHello2Test" time="0.003"/>
  <testcase classname="org.sweatshop.format_server.resources.FormatServerResourcesTest" name="sayHello3Test" time="0.009"/>
  <testcase classname="org.sweatshop.format_server.resources.FormatServerResourcesTest" name="getFilesConfigTest" time="0.001"/>
</testsuite> <!-- org.sweatshop.format_server.resources.FormatServerResourcesTest -->
