<?xml version="1.0" encoding="UTF-8"?>
<!-- Generated by org.testng.reporters.JUnitReportReporter -->
<testsuite hostname="LAPTOP-KU3EG2P8" failures="0" tests="8" name="org.sweatshop.format_server.FormatServerApplicationTest" time="0.991" errors="1" timestamp="2020-06-13T15:35:19 EDT" skipped="0">
  <testcase classname="org.sweatshop.format_server.FormatServerApplicationTest" name="helloWorld3Test" time="0.008"/>
  <testcase classname="org.sweatshop.format_server.FormatServerApplicationTest" name="helloWorld3Test" time="0.066"/>
  <testcase classname="org.sweatshop.format_server.FormatServerApplicationTest" name="helloWorld3Test" time="0.010"/>
  <testcase classname="org.sweatshop.format_server.FormatServerApplicationTest" name="helloWorld3Test" time="0.008"/>
  <testcase classname="org.sweatshop.format_server.FormatServerApplicationTest" name="getNameTest" time="0.001"/>
  <testcase classname="org.sweatshop.format_server.FormatServerApplicationTest" name="helloWorld3Test" time="0.132"/>
  <testcase classname="org.sweatshop.format_server.FormatServerApplicationTest" name="helloWorldTest" time="0.012"/>
  <testcase classname="org.sweatshop.format_server.FormatServerApplicationTest" name="helloWorld2Test" time="0.754">
    <error message="java.net.SocketTimeoutException: Read timed out" type="javax.ws.rs.ProcessingException">
      <![CDATA[javax.ws.rs.ProcessingException: java.net.SocketTimeoutException: Read timed out
at io.dropwizard.client.DropwizardApacheConnector.apply(DropwizardApacheConnector.java:105)
at org.glassfish.jersey.client.ClientRuntime.invoke(ClientRuntime.java:296)
at org.glassfish.jersey.client.JerseyInvocation.lambda$invoke$0(JerseyInvocation.java:609)
at org.glassfish.jersey.internal.Errors.process(Errors.java:292)
at org.glassfish.jersey.internal.Errors.process(Errors.java:274)
at org.glassfish.jersey.internal.Errors.process(Errors.java:205)
at org.glassfish.jersey.process.internal.RequestScope.runInScope(RequestScope.java:390)
at org.glassfish.jersey.client.JerseyInvocation.invoke(JerseyInvocation.java:608)
at org.glassfish.jersey.client.JerseyInvocation$Builder.method(JerseyInvocation.java:395)
at org.glassfish.jersey.client.JerseyInvocation$Builder.get(JerseyInvocation.java:295)
at org.sweatshop.format_server.FormatServerApplicationTest.helloWorld2Test(FormatServerApplicationTest.java:73)
at java.base/jdk.internal.reflect.NativeMethodAccessorImpl.invoke0(Native Method)
at java.base/jdk.internal.reflect.NativeMethodAccessorImpl.invoke(NativeMethodAccessorImpl.java:62)
at java.base/jdk.internal.reflect.DelegatingMethodAccessorImpl.invoke(DelegatingMethodAccessorImpl.java:43)
at java.base/java.lang.reflect.Method.invoke(Method.java:566)
at org.testng.internal.MethodInvocationHelper.invokeMethod(MethodInvocationHelper.java:133)
at org.testng.internal.TestInvoker.invokeMethod(TestInvoker.java:584)
at org.testng.internal.TestInvoker.invokeTestMethod(TestInvoker.java:172)
at org.testng.internal.MethodRunner.runInSequence(MethodRunner.java:46)
at org.testng.internal.TestInvoker$MethodInvocationAgent.invoke(TestInvoker.java:804)
at org.testng.internal.TestInvoker.invokeTestMethods(TestInvoker.java:145)
at org.testng.internal.TestMethodWorker.invokeTestMethods(TestMethodWorker.java:146)
at org.testng.internal.TestMethodWorker.run(TestMethodWorker.java:128)
at java.base/java.util.ArrayList.forEach(ArrayList.java:1540)
at org.testng.TestRunner.privateRun(TestRunner.java:770)
at org.testng.TestRunner.run(TestRunner.java:591)
at org.testng.SuiteRunner.runTest(SuiteRunner.java:402)
at org.testng.SuiteRunner.runSequentially(SuiteRunner.java:396)
at org.testng.SuiteRunner.privateRun(SuiteRunner.java:355)
at org.testng.SuiteRunner.run(SuiteRunner.java:304)
at org.testng.SuiteRunnerWorker.runSuite(SuiteRunnerWorker.java:53)
at org.testng.SuiteRunnerWorker.run(SuiteRunnerWorker.java:96)
at org.testng.TestNG.runSuitesSequentially(TestNG.java:1180)
at org.testng.TestNG.runSuitesLocally(TestNG.java:1102)
at org.testng.TestNG.runSuites(TestNG.java:1032)
at org.testng.TestNG.run(TestNG.java:1000)
at org.testng.remote.AbstractRemoteTestNG.run(AbstractRemoteTestNG.java:115)
at org.testng.remote.RemoteTestNG.initAndRun(RemoteTestNG.java:251)
at org.testng.remote.RemoteTestNG.main(RemoteTestNG.java:77)
Caused by: java.net.SocketTimeoutException: Read timed out
at java.base/java.net.SocketInputStream.socketRead0(Native Method)
at java.base/java.net.SocketInputStream.socketRead(SocketInputStream.java:115)
at java.base/java.net.SocketInputStream.read(SocketInputStream.java:168)
at java.base/java.net.SocketInputStream.read(SocketInputStream.java:140)
at org.apache.http.impl.io.SessionInputBufferImpl.streamRead(SessionInputBufferImpl.java:137)
at org.apache.http.impl.io.SessionInputBufferImpl.fillBuffer(SessionInputBufferImpl.java:153)
at org.apache.http.impl.io.SessionInputBufferImpl.readLine(SessionInputBufferImpl.java:280)
at org.apache.http.impl.conn.DefaultHttpResponseParser.parseHead(DefaultHttpResponseParser.java:138)
at org.apache.http.impl.conn.DefaultHttpResponseParser.parseHead(DefaultHttpResponseParser.java:56)
at org.apache.http.impl.io.AbstractMessageParser.parse(AbstractMessageParser.java:259)
at org.apache.http.impl.DefaultBHttpClientConnection.receiveResponseHeader(DefaultBHttpClientConnection.java:163)
at org.apache.http.impl.conn.CPoolProxy.receiveResponseHeader(CPoolProxy.java:157)
at org.apache.http.protocol.HttpRequestExecutor.doReceiveResponse(HttpRequestExecutor.java:273)
at org.apache.http.protocol.HttpRequestExecutor.execute(HttpRequestExecutor.java:125)
at com.codahale.metrics.httpclient.InstrumentedHttpRequestExecutor.execute(InstrumentedHttpRequestExecutor.java:46)
at org.apache.http.impl.execchain.MainClientExec.execute(MainClientExec.java:272)
at org.apache.http.impl.execchain.ProtocolExec.execute(ProtocolExec.java:186)
at org.apache.http.impl.execchain.RetryExec.execute(RetryExec.java:89)
at org.apache.http.impl.execchain.RedirectExec.execute(RedirectExec.java:110)
at org.apache.http.impl.client.InternalHttpClient.doExecute(InternalHttpClient.java:185)
at org.apache.http.impl.client.CloseableHttpClient.execute(CloseableHttpClient.java:83)
at org.apache.http.impl.client.CloseableHttpClient.execute(CloseableHttpClient.java:108)
at io.dropwizard.client.DropwizardApacheConnector.apply(DropwizardApacheConnector.java:87)
... 38 more
]]>
    </error>
  </testcase> <!-- helloWorld2Test -->
</testsuite> <!-- org.sweatshop.format_server.FormatServerApplicationTest -->
