<?xml version="1.0" encoding="UTF-8"?>
<!-- Generated by org.testng.reporters.JUnitReportReporter -->
<testsuite hostname="LAPTOP-KU3EG2P8" failures="0" tests="1" name="org.sweatshop.format_server.AnnotationTest" time="0.001" errors="0" timestamp="2020-06-13T14:23:17 EDT" skipped="0">
  <testcase classname="org.sweatshop.format_server.AnnotationTest" name="test" time="0.001"/>
</testsuite> <!-- org.sweatshop.format_server.AnnotationTest -->
