<?xml version="1.0" encoding="UTF-8"?>
<!-- Generated by org.testng.reporters.JUnitReportReporter -->
<testsuite hostname="LAPTOP-KU3EG2P8" failures="0" tests="2" name="org.sweatshop.format_server.config.FilesConfigTest" time="0.810" errors="0" timestamp="2020-06-13T14:23:17 EDT" skipped="0">
  <testcase classname="org.sweatshop.format_server.config.FilesConfigTest" name="triedSendingNullTest" time="0.808"/>
  <testcase classname="org.sweatshop.format_server.config.FilesConfigTest" name="instantiationTest" time="0.002"/>
</testsuite> <!-- org.sweatshop.format_server.config.FilesConfigTest -->
