<?xml version="1.0" encoding="UTF-8"?>
<!-- Generated by org.testng.reporters.JUnitReportReporter -->
<testsuite hostname="LAPTOP-KU3EG2P8" failures="0" tests="1" name="org.sweatshop.api.FormatServerConfigurationTest" time="0.188" errors="0" timestamp="2020-05-20T19:45:14 EDT" skipped="0">
  <testcase classname="org.sweatshop.api.FormatServerConfigurationTest" name="getVariableTest" time="0.188"/>
</testsuite> <!-- org.sweatshop.api.FormatServerConfigurationTest -->
