<?xml version="1.0" encoding="UTF-8"?>
<!-- Generated by org.testng.reporters.JUnitReportReporter -->
<testsuite hostname="LAPTOP-KU3EG2P8" failures="0" tests="12" name="org.sweatshop.format_server.resources.FormatServerResourcesTest" time="0.118" errors="0" timestamp="2020-05-13T19:32:56 EDT" skipped="0">
  <testcase classname="org.sweatshop.format_server.resources.FormatServerResourcesTest" name="getFilesConfigTest" time="0.002"/>
  <testcase classname="org.sweatshop.format_server.resources.FormatServerResourcesTest" name="readLineTest" time="0.002"/>
  <testcase classname="org.sweatshop.format_server.resources.FormatServerResourcesTest" name="readLineTest" time="0.011"/>
  <testcase classname="org.sweatshop.format_server.resources.FormatServerResourcesTest" name="readLineTest" time="0.001"/>
  <testcase classname="org.sweatshop.format_server.resources.FormatServerResourcesTest" name="readLineTest" time="0.011"/>
  <testcase classname="org.sweatshop.format_server.resources.FormatServerResourcesTest" name="getTemplateTest" time="0.003"/>
  <testcase classname="org.sweatshop.format_server.resources.FormatServerResourcesTest" name="sayHello2Test" time="0.003"/>
  <testcase classname="org.sweatshop.format_server.resources.FormatServerResourcesTest" name="sayHello2Test" time="0.002"/>
  <testcase classname="org.sweatshop.format_server.resources.FormatServerResourcesTest" name="getDefaultNameTest" time="0.048"/>
  <testcase classname="org.sweatshop.format_server.resources.FormatServerResourcesTest" name="readLineTest" time="0.018"/>
  <testcase classname="org.sweatshop.format_server.resources.FormatServerResourcesTest" name="sayHello2Test" time="0.003"/>
  <testcase classname="org.sweatshop.format_server.resources.FormatServerResourcesTest" name="sayHello2Test" time="0.014"/>
</testsuite> <!-- org.sweatshop.format_server.resources.FormatServerResourcesTest -->
