<?xml version="1.0" encoding="UTF-8"?>
<!-- Generated by org.testng.reporters.JUnitReportReporter -->
<testsuite hostname="LAPTOP-KU3EG2P8" failures="0" tests="1" name="org.sweatshop.format_server.FormatServerApplicationTest" time="1.285" errors="0" timestamp="2020-05-08T16:55:47 EDT" skipped="0">
  <testcase classname="org.sweatshop.format_server.FormatServerApplicationTest" name="getNameTest" time="1.285"/>
</testsuite> <!-- org.sweatshop.format_server.FormatServerApplicationTest -->
