<?xml version="1.0" encoding="UTF-8"?>
<!-- Generated by org.testng.reporters.JUnitReportReporter -->
<testsuite hostname="LAPTOP-KU3EG2P8" failures="0" tests="1" name="org.sweatshop.api.FormatServerApplicationTest" time="0.100" errors="0" timestamp="2020-05-17T18:22:25 EDT" skipped="0">
  <testcase classname="org.sweatshop.api.FormatServerApplicationTest" name="getNameTest" time="0.100"/>
</testsuite> <!-- org.sweatshop.api.FormatServerApplicationTest -->
