<?xml version="1.0" encoding="UTF-8"?>
<!-- Generated by org.testng.reporters.JUnitReportReporter -->
<testsuite hostname="LAPTOP-KU3EG2P8" failures="0" tests="8" name="org.sweatshop.format_server.FormatServerApplicationTest" time="0.415" errors="0" timestamp="2020-06-12T21:26:53 EDT" skipped="0">
  <testcase classname="org.sweatshop.format_server.FormatServerApplicationTest" name="helloWorld3Test" time="0.009"/>
  <testcase classname="org.sweatshop.format_server.FormatServerApplicationTest" name="helloWorld3Test" time="0.006"/>
  <testcase classname="org.sweatshop.format_server.FormatServerApplicationTest" name="getNameTest" time="0.008"/>
  <testcase classname="org.sweatshop.format_server.FormatServerApplicationTest" name="helloWorld2Test" time="0.332"/>
  <testcase classname="org.sweatshop.format_server.FormatServerApplicationTest" name="helloWorld3Test" time="0.032"/>
  <testcase classname="org.sweatshop.format_server.FormatServerApplicationTest" name="helloWorld3Test" time="0.009"/>
  <testcase classname="org.sweatshop.format_server.FormatServerApplicationTest" name="helloWorld3Test" time="0.009"/>
  <testcase classname="org.sweatshop.format_server.FormatServerApplicationTest" name="helloWorldTest" time="0.010"/>
</testsuite> <!-- org.sweatshop.format_server.FormatServerApplicationTest -->
