<?xml version="1.0" encoding="UTF-8"?>
<!-- Generated by org.testng.reporters.JUnitReportReporter -->
<testsuite hostname="LAPTOP-KU3EG2P8" failures="0" tests="1" name="org.sweatshop.format_server.api.FormatServerSayingTest" time="0.000" errors="0" timestamp="2020-05-20T19:45:14 EDT" skipped="0">
  <testcase classname="org.sweatshop.format_server.api.FormatServerSayingTest" name="instantiationTest" time="0.000"/>
</testsuite> <!-- org.sweatshop.format_server.api.FormatServerSayingTest -->
