<?xml version="1.0" encoding="UTF-8"?>
<!-- Generated by org.testng.reporters.JUnitReportReporter -->
<testsuite hostname="LAPTOP-KU3EG2P8" failures="0" tests="8" name="org.sweatshop.format_server.FormatServerApplicationTest" time="0.845" errors="0" timestamp="2020-06-14T21:41:16 EDT" skipped="0">
  <testcase classname="org.sweatshop.format_server.FormatServerApplicationTest" name="helloWorldTest" time="0.018"/>
  <testcase classname="org.sweatshop.format_server.FormatServerApplicationTest" name="helloWorld3Test" time="0.035"/>
  <testcase classname="org.sweatshop.format_server.FormatServerApplicationTest" name="helloWorld2Test" time="0.607"/>
  <testcase classname="org.sweatshop.format_server.FormatServerApplicationTest" name="helloWorld3Test" time="0.121"/>
  <testcase classname="org.sweatshop.format_server.FormatServerApplicationTest" name="helloWorld3Test" time="0.032"/>
  <testcase classname="org.sweatshop.format_server.FormatServerApplicationTest" name="helloWorld3Test" time="0.015"/>
  <testcase classname="org.sweatshop.format_server.FormatServerApplicationTest" name="getNameTest" time="0.001"/>
  <testcase classname="org.sweatshop.format_server.FormatServerApplicationTest" name="helloWorld3Test" time="0.016"/>
</testsuite> <!-- org.sweatshop.format_server.FormatServerApplicationTest -->
