<?xml version="1.0" encoding="UTF-8"?>
<!-- Generated by org.testng.reporters.JUnitReportReporter -->
<testsuite hostname="LAPTOP-KU3EG2P8" failures="0" tests="1" name="org.sweatshop.format_server.api.FormatServerSayingTest" time="0.006" errors="0" timestamp="2020-06-14T21:41:16 EDT" skipped="0">
  <testcase classname="org.sweatshop.format_server.api.FormatServerSayingTest" name="instantiationTest" time="0.006"/>
</testsuite> <!-- org.sweatshop.format_server.api.FormatServerSayingTest -->
