<?xml version="1.0" encoding="UTF-8"?>
<!-- Generated by org.testng.reporters.JUnitReportReporter -->
<testsuite hostname="LAPTOP-KU3EG2P8" failures="0" tests="20" name="org.sweatshop.format_server.resources.FormatServerResourcesTest" time="0.191" errors="0" timestamp="2020-06-14T21:41:16 EDT" skipped="0">
  <testcase classname="org.sweatshop.format_server.resources.FormatServerResourcesTest" name="sayHello3Test" time="0.007"/>
  <testcase classname="org.sweatshop.format_server.resources.FormatServerResourcesTest" name="readFileTest" time="0.006"/>
  <testcase classname="org.sweatshop.format_server.resources.FormatServerResourcesTest" name="sayHello2Test" time="0.004"/>
  <testcase classname="org.sweatshop.format_server.resources.FormatServerResourcesTest" name="sayHello2Test" time="0.005"/>
  <testcase classname="org.sweatshop.format_server.resources.FormatServerResourcesTest" name="readFileTest" time="0.013"/>
  <testcase classname="org.sweatshop.format_server.resources.FormatServerResourcesTest" name="sayHello2Test" time="0.005"/>
  <testcase classname="org.sweatshop.format_server.resources.FormatServerResourcesTest" name="readFileTest" time="0.012"/>
  <testcase classname="org.sweatshop.format_server.resources.FormatServerResourcesTest" name="sayHello3Test" time="0.020"/>
  <testcase classname="org.sweatshop.format_server.resources.FormatServerResourcesTest" name="sayHelloTest" time="0.007"/>
  <testcase classname="org.sweatshop.format_server.resources.FormatServerResourcesTest" name="getDefaultNameTest" time="0.039"/>
  <testcase classname="org.sweatshop.format_server.resources.FormatServerResourcesTest" name="readFileTest" time="0.004"/>
  <testcase classname="org.sweatshop.format_server.resources.FormatServerResourcesTest" name="sayHelloTest" time="0.013"/>
  <testcase classname="org.sweatshop.format_server.resources.FormatServerResourcesTest" name="readFileTest" time="0.010"/>
  <testcase classname="org.sweatshop.format_server.resources.FormatServerResourcesTest" name="getTemplateTest" time="0.003"/>
  <testcase classname="org.sweatshop.format_server.resources.FormatServerResourcesTest" name="getFilesConfigTest" time="0.005"/>
  <testcase classname="org.sweatshop.format_server.resources.FormatServerResourcesTest" name="sayHello3Test" time="0.019"/>
  <testcase classname="org.sweatshop.format_server.resources.FormatServerResourcesTest" name="sayHelloTest" time="0.003"/>
  <testcase classname="org.sweatshop.format_server.resources.FormatServerResourcesTest" name="sayHello2Test" time="0.010"/>
  <testcase classname="org.sweatshop.format_server.resources.FormatServerResourcesTest" name="sayHello3Test" time="0.003"/>
  <testcase classname="org.sweatshop.format_server.resources.FormatServerResourcesTest" name="sayHelloTest" time="0.003"/>
</testsuite> <!-- org.sweatshop.format_server.resources.FormatServerResourcesTest -->
