<?xml version="1.0" encoding="UTF-8"?>
<!-- Generated by org.testng.reporters.JUnitReportReporter -->
<testsuite hostname="LAPTOP-KU3EG2P8" failures="0" tests="8" name="org.sweatshop.format_server.health.FormatServerHealthCheckTest" time="0.038" errors="0" timestamp="2020-06-05T17:43:26 EDT" skipped="0">
  <testcase classname="org.sweatshop.format_server.health.FormatServerHealthCheckTest" name="checkTest" time="0.002"/>
  <testcase classname="org.sweatshop.format_server.health.FormatServerHealthCheckTest" name="checkTest" time="0.019"/>
  <testcase classname="org.sweatshop.format_server.health.FormatServerHealthCheckTest" name="checkTest" time="0.002"/>
  <testcase classname="org.sweatshop.format_server.health.FormatServerHealthCheckTest" name="checkTest" time="0.001"/>
  <testcase classname="org.sweatshop.format_server.health.FormatServerHealthCheckTest" name="checkTest" time="0.002"/>
  <testcase classname="org.sweatshop.format_server.health.FormatServerHealthCheckTest" name="instantiationTest" time="0.001"/>
  <testcase classname="org.sweatshop.format_server.health.FormatServerHealthCheckTest" name="checkNullTest" time="0.010"/>
  <testcase classname="org.sweatshop.format_server.health.FormatServerHealthCheckTest" name="checkTest" time="0.001"/>
</testsuite> <!-- org.sweatshop.format_server.health.FormatServerHealthCheckTest -->
