<?xml version="1.0" encoding="UTF-8"?>
<!-- Generated by org.testng.reporters.JUnitReportReporter -->
<testsuite hostname="LAPTOP-KU3EG2P8" failures="0" tests="1" name="org.sweatshop.api.FormatServerConfigurationTest" time="0.174" errors="0" timestamp="2020-06-03T16:15:24 EDT" skipped="0">
  <testcase classname="org.sweatshop.api.FormatServerConfigurationTest" name="getVariableTest" time="0.174"/>
</testsuite> <!-- org.sweatshop.api.FormatServerConfigurationTest -->
