<?xml version="1.0" encoding="UTF-8"?>
<!-- Generated by org.testng.reporters.JUnitReportReporter -->
<testsuite hostname="LAPTOP-KU3EG2P8" failures="0" tests="20" name="org.sweatshop.format_server.resources.FormatServerResourcesTest" time="0.119" errors="0" timestamp="2020-05-20T19:45:14 EDT" skipped="0">
  <testcase classname="org.sweatshop.format_server.resources.FormatServerResourcesTest" name="getDefaultNameTest" time="0.031"/>
  <testcase classname="org.sweatshop.format_server.resources.FormatServerResourcesTest" name="sayHello2Test" time="0.000"/>
  <testcase classname="org.sweatshop.format_server.resources.FormatServerResourcesTest" name="sayHelloTest" time="0.015"/>
  <testcase classname="org.sweatshop.format_server.resources.FormatServerResourcesTest" name="sayHello3Test" time="0.000"/>
  <testcase classname="org.sweatshop.format_server.resources.FormatServerResourcesTest" name="readFileTest" time="0.016"/>
  <testcase classname="org.sweatshop.format_server.resources.FormatServerResourcesTest" name="readFileTest" time="0.016"/>
  <testcase classname="org.sweatshop.format_server.resources.FormatServerResourcesTest" name="sayHello2Test" time="0.016"/>
  <testcase classname="org.sweatshop.format_server.resources.FormatServerResourcesTest" name="getFilesConfigTest" time="0.000"/>
  <testcase classname="org.sweatshop.format_server.resources.FormatServerResourcesTest" name="sayHello3Test" time="0.000"/>
  <testcase classname="org.sweatshop.format_server.resources.FormatServerResourcesTest" name="readFileTest" time="0.000"/>
  <testcase classname="org.sweatshop.format_server.resources.FormatServerResourcesTest" name="sayHelloTest" time="0.000"/>
  <testcase classname="org.sweatshop.format_server.resources.FormatServerResourcesTest" name="readFileTest" time="0.000"/>
  <testcase classname="org.sweatshop.format_server.resources.FormatServerResourcesTest" name="getTemplateTest" time="0.000"/>
  <testcase classname="org.sweatshop.format_server.resources.FormatServerResourcesTest" name="sayHello3Test" time="0.010"/>
  <testcase classname="org.sweatshop.format_server.resources.FormatServerResourcesTest" name="sayHello2Test" time="0.000"/>
  <testcase classname="org.sweatshop.format_server.resources.FormatServerResourcesTest" name="sayHello2Test" time="0.000"/>
  <testcase classname="org.sweatshop.format_server.resources.FormatServerResourcesTest" name="sayHello3Test" time="0.015"/>
  <testcase classname="org.sweatshop.format_server.resources.FormatServerResourcesTest" name="sayHelloTest" time="0.000"/>
  <testcase classname="org.sweatshop.format_server.resources.FormatServerResourcesTest" name="readFileTest" time="0.000"/>
  <testcase classname="org.sweatshop.format_server.resources.FormatServerResourcesTest" name="sayHelloTest" time="0.000"/>
</testsuite> <!-- org.sweatshop.format_server.resources.FormatServerResourcesTest -->
