<?xml version="1.0" encoding="UTF-8"?>
<!-- Generated by org.testng.reporters.JUnitReportReporter -->
<testsuite hostname="LAPTOP-KU3EG2P8" failures="0" tests="2" name="org.sweatshop.format_server.config.FilesConfigTest" time="0.762" errors="0" timestamp="2020-06-03T16:15:24 EDT" skipped="0">
  <testcase classname="org.sweatshop.format_server.config.FilesConfigTest" name="triedSendingNullTest" time="0.759"/>
  <testcase classname="org.sweatshop.format_server.config.FilesConfigTest" name="instantiationTest" time="0.003"/>
</testsuite> <!-- org.sweatshop.format_server.config.FilesConfigTest -->
