<?xml version="1.0" encoding="UTF-8"?>
<!-- Generated by org.testng.reporters.JUnitReportReporter -->
<testsuite hostname="LAPTOP-KU3EG2P8" failures="0" tests="20" name="org.sweatshop.format_server.resources.FormatServerResourcesTest" time="0.165" errors="0" timestamp="2020-06-13T15:35:19 EDT" skipped="0">
  <testcase classname="org.sweatshop.format_server.resources.FormatServerResourcesTest" name="sayHello3Test" time="0.009"/>
  <testcase classname="org.sweatshop.format_server.resources.FormatServerResourcesTest" name="readFileTest" time="0.003"/>
  <testcase classname="org.sweatshop.format_server.resources.FormatServerResourcesTest" name="getTemplateTest" time="0.003"/>
  <testcase classname="org.sweatshop.format_server.resources.FormatServerResourcesTest" name="readFileTest" time="0.003"/>
  <testcase classname="org.sweatshop.format_server.resources.FormatServerResourcesTest" name="readFileTest" time="0.004"/>
  <testcase classname="org.sweatshop.format_server.resources.FormatServerResourcesTest" name="sayHello2Test" time="0.002"/>
  <testcase classname="org.sweatshop.format_server.resources.FormatServerResourcesTest" name="readFileTest" time="0.034"/>
  <testcase classname="org.sweatshop.format_server.resources.FormatServerResourcesTest" name="sayHelloTest" time="0.021"/>
  <testcase classname="org.sweatshop.format_server.resources.FormatServerResourcesTest" name="getFilesConfigTest" time="0.005"/>
  <testcase classname="org.sweatshop.format_server.resources.FormatServerResourcesTest" name="readFileTest" time="0.002"/>
  <testcase classname="org.sweatshop.format_server.resources.FormatServerResourcesTest" name="getDefaultNameTest" time="0.028"/>
  <testcase classname="org.sweatshop.format_server.resources.FormatServerResourcesTest" name="sayHello3Test" time="0.032"/>
  <testcase classname="org.sweatshop.format_server.resources.FormatServerResourcesTest" name="sayHello3Test" time="0.005"/>
  <testcase classname="org.sweatshop.format_server.resources.FormatServerResourcesTest" name="sayHelloTest" time="0.001"/>
  <testcase classname="org.sweatshop.format_server.resources.FormatServerResourcesTest" name="sayHello2Test" time="0.001"/>
  <testcase classname="org.sweatshop.format_server.resources.FormatServerResourcesTest" name="sayHelloTest" time="0.001"/>
  <testcase classname="org.sweatshop.format_server.resources.FormatServerResourcesTest" name="sayHello2Test" time="0.002"/>
  <testcase classname="org.sweatshop.format_server.resources.FormatServerResourcesTest" name="sayHello3Test" time="0.005"/>
  <testcase classname="org.sweatshop.format_server.resources.FormatServerResourcesTest" name="sayHelloTest" time="0.001"/>
  <testcase classname="org.sweatshop.format_server.resources.FormatServerResourcesTest" name="sayHello2Test" time="0.003"/>
</testsuite> <!-- org.sweatshop.format_server.resources.FormatServerResourcesTest -->
