<?xml version="1.0" encoding="UTF-8"?>
<!-- Generated by org.testng.reporters.JUnitReportReporter -->
<testsuite hostname="LAPTOP-KU3EG2P8" failures="0" tests="8" name="org.sweatshop.format_server.FormatServerApplicationTest" time="0.592" errors="0" timestamp="2020-06-13T14:23:17 EDT" skipped="0">
  <testcase classname="org.sweatshop.format_server.FormatServerApplicationTest" name="helloWorldTest" time="0.013"/>
  <testcase classname="org.sweatshop.format_server.FormatServerApplicationTest" name="helloWorld3Test" time="0.009"/>
  <testcase classname="org.sweatshop.format_server.FormatServerApplicationTest" name="getNameTest" time="0.001"/>
  <testcase classname="org.sweatshop.format_server.FormatServerApplicationTest" name="helloWorld3Test" time="0.012"/>
  <testcase classname="org.sweatshop.format_server.FormatServerApplicationTest" name="helloWorld3Test" time="0.010"/>
  <testcase classname="org.sweatshop.format_server.FormatServerApplicationTest" name="helloWorld2Test" time="0.473"/>
  <testcase classname="org.sweatshop.format_server.FormatServerApplicationTest" name="helloWorld3Test" time="0.013"/>
  <testcase classname="org.sweatshop.format_server.FormatServerApplicationTest" name="helloWorld3Test" time="0.061"/>
</testsuite> <!-- org.sweatshop.format_server.FormatServerApplicationTest -->
